21:40:44 **** Incremental Build of configuration Debug for project STM32f103C8_MavLink ****
make -j8 all 
arm-none-eabi-gcc "../Core/Src/main.c" -mcpu=cortex-m3 -std=gnu11 -g3 -DUSE_HAL_DRIVER -DSTM32F103xB -DDEBUG -c -I../Core/Inc -I../Drivers/STM32F1xx_HAL_Driver/Inc -I../Drivers/STM32F1xx_HAL_Driver/Inc/Legacy -I../Drivers/CMSIS/Device/ST/STM32F1xx/Include -I../Drivers/CMSIS/Include -O0 -ffunction-sections -fdata-sections -Wall -fstack-usage -MMD -MP -MF"Core/Src/main.d" -MT"Core/Src/main.o" --specs=nano.specs -mfloat-abi=soft -mthumb -o "Core/Src/main.o"
In file included from ../Core/Src/../mavlink/common/common.h:2499,
                 from ../Core/Src/../mavlink/common/mavlink.h:32,
                 from ../Core/Src/main.c:30:
../Core/Src/../mavlink/common/./mavlink_msg_distance_sensor.h: In function 'mavlink_msg_distance_sensor_encode':
../Core/Src/../mavlink/common/./mavlink_msg_distance_sensor.h:200:385: warning: taking address of packed member of 'struct __mavlink_distance_sensor_t' may result in an unaligned pointer value [-Waddress-of-packed-member]
  200 |     return mavlink_msg_distance_sensor_pack(system_id, component_id, msg, distance_sensor->time_boot_ms, distance_sensor->min_distance, distance_sensor->max_distance, distance_sensor->current_distance, distance_sensor->type, distance_sensor->id, distance_sensor->orientation, distance_sensor->covariance, distance_sensor->horizontal_fov, distance_sensor->vertical_fov, distance_sensor->quaternion, distance_sensor->signal_quality);
      |                                                                                                                                                                                                                                                                                                                                                                                  ~~~~~~~~~~~~~~~^~~~~~~~~~~~
../Core/Src/../mavlink/common/./mavlink_msg_distance_sensor.h: In function 'mavlink_msg_distance_sensor_encode_chan':
../Core/Src/../mavlink/common/./mavlink_msg_distance_sensor.h:214:396: warning: taking address of packed member of 'struct __mavlink_distance_sensor_t' may result in an unaligned pointer value [-Waddress-of-packed-member]
  214 |     return mavlink_msg_distance_sensor_pack_chan(system_id, component_id, chan, msg, distance_sensor->time_boot_ms, distance_sensor->min_distance, distance_sensor->max_distance, distance_sensor->current_distance, distance_sensor->type, distance_sensor->id, distance_sensor->orientation, distance_sensor->covariance, distance_sensor->horizontal_fov, distance_sensor->vertical_fov, distance_sensor->quaternion, distance_sensor->signal_quality);
      |                                                                                                                                                                                                                                                                                                                                                                                             ~~~~~~~~~~~~~~~^~~~~~~~~~~~
In file included from ../Core/Src/../mavlink/common/common.h:2513,
                 from ../Core/Src/../mavlink/common/mavlink.h:32,
                 from ../Core/Src/main.c:30:
../Core/Src/../mavlink/common/./mavlink_msg_battery_status.h: In function 'mavlink_msg_battery_status_encode':
../Core/Src/../mavlink/common/./mavlink_msg_battery_status.h:201:193: warning: taking address of packed member of 'struct __mavlink_battery_status_t' may result in an unaligned pointer value [-Waddress-of-packed-member]
  201 |     return mavlink_msg_battery_status_pack(system_id, component_id, msg, battery_status->id, battery_status->battery_function, battery_status->type, battery_status->temperature, battery_status->voltages, battery_status->current_battery, battery_status->current_consumed, battery_status->energy_consumed, battery_status->battery_remaining, battery_status->time_remaining, battery_status->charge_state, battery_status->voltages_ext);
      |                                                                                                                                                                                   ~~~~~~~~~~~~~~^~~~~~~~~~
../Core/Src/../mavlink/common/./mavlink_msg_battery_status.h:201:416: warning: taking address of packed member of 'struct __mavlink_battery_status_t' may result in an unaligned pointer value [-Waddress-of-packed-member]
  201 |     return mavlink_msg_battery_status_pack(system_id, component_id, msg, battery_status->id, battery_status->battery_function, battery_status->type, battery_status->temperature, battery_status->voltages, battery_status->current_battery, battery_status->current_consumed, battery_status->energy_consumed, battery_status->battery_remaining, battery_status->time_remaining, battery_status->charge_state, battery_status->voltages_ext);
      |                                                                                                                                                                                                                                                                                                                                                                                                                  ~~~~~~~~~~~~~~^~~~~~~~~~~~~~
../Core/Src/../mavlink/common/./mavlink_msg_battery_status.h: In function 'mavlink_msg_battery_status_encode_chan':
../Core/Src/../mavlink/common/./mavlink_msg_battery_status.h:215:204: warning: taking address of packed member of 'struct __mavlink_battery_status_t' may result in an unaligned pointer value [-Waddress-of-packed-member]
  215 |     return mavlink_msg_battery_status_pack_chan(system_id, component_id, chan, msg, battery_status->id, battery_status->battery_function, battery_status->type, battery_status->temperature, battery_status->voltages, battery_status->current_battery, battery_status->current_consumed, battery_status->energy_consumed, battery_status->battery_remaining, battery_status->time_remaining, battery_status->charge_state, battery_status->voltages_ext);
      |                                                                                                                                                                                              ~~~~~~~~~~~~~~^~~~~~~~~~
../Core/Src/../mavlink/common/./mavlink_msg_battery_status.h:215:427: warning: taking address of packed member of 'struct __mavlink_battery_status_t' may result in an unaligned pointer value [-Waddress-of-packed-member]
  215 |     return mavlink_msg_battery_status_pack_chan(system_id, component_id, chan, msg, battery_status->id, battery_status->battery_function, battery_status->type, battery_status->temperature, battery_status->voltages, battery_status->current_battery, battery_status->current_consumed, battery_status->energy_consumed, battery_status->battery_remaining, battery_status->time_remaining, battery_status->charge_state, battery_status->voltages_ext);
      |                                                                                                                                                                                                                                                                                                                                                                                                                             ~~~~~~~~~~~~~~^~~~~~~~~~~~~~
In file included from ../Core/Src/../mavlink/common/common.h:2515,
                 from ../Core/Src/../mavlink/common/mavlink.h:32,
                 from ../Core/Src/main.c:30:
../Core/Src/../mavlink/common/./mavlink_msg_landing_target.h: In function 'mavlink_msg_landing_target_encode':
../Core/Src/../mavlink/common/./mavlink_msg_landing_target.h:218:347: warning: taking address of packed member of 'struct __mavlink_landing_target_t' may result in an unaligned pointer value [-Waddress-of-packed-member]
  218 |     return mavlink_msg_landing_target_pack(system_id, component_id, msg, landing_target->time_usec, landing_target->target_num, landing_target->frame, landing_target->angle_x, landing_target->angle_y, landing_target->distance, landing_target->size_x, landing_target->size_y, landing_target->x, landing_target->y, landing_target->z, landing_target->q, landing_target->type, landing_target->position_valid);
      |                                                                                                                                                                                                                                                                                                                                             ~~~~~~~~~~~~~~^~~
../Core/Src/../mavlink/common/./mavlink_msg_landing_target.h: In function 'mavlink_msg_landing_target_encode_chan':
../Core/Src/../mavlink/common/./mavlink_msg_landing_target.h:232:358: warning: taking address of packed member of 'struct __mavlink_landing_target_t' may result in an unaligned pointer value [-Waddress-of-packed-member]
  232 |     return mavlink_msg_landing_target_pack_chan(system_id, component_id, chan, msg, landing_target->time_usec, landing_target->target_num, landing_target->frame, landing_target->angle_x, landing_target->angle_y, landing_target->distance, landing_target->size_x, landing_target->size_y, landing_target->x, landing_target->y, landing_target->z, landing_target->q, landing_target->type, landing_target->position_valid);
      |                                                                                                                                                                                                                                                                                                                                                        ~~~~~~~~~~~~~~^~~
In file included from ../Core/Src/../mavlink/common/common.h:2524,
                 from ../Core/Src/../mavlink/common/mavlink.h:32,
                 from ../Core/Src/main.c:30:
../Core/Src/../mavlink/common/./mavlink_msg_home_position.h: In function 'mavlink_msg_home_position_encode':
../Core/Src/../mavlink/common/./mavlink_msg_home_position.h:191:216: warning: taking address of packed member of 'struct __mavlink_home_position_t' may result in an unaligned pointer value [-Waddress-of-packed-member]
  191 |     return mavlink_msg_home_position_pack(system_id, component_id, msg, home_position->latitude, home_position->longitude, home_position->altitude, home_position->x, home_position->y, home_position->z, home_position->q, home_position->approach_x, home_position->approach_y, home_position->approach_z, home_position->time_usec);
      |                                                                                                                                                                                                           ~~~~~~~~~~~~~^~~
../Core/Src/../mavlink/common/./mavlink_msg_home_position.h: In function 'mavlink_msg_home_position_encode_chan':
../Core/Src/../mavlink/common/./mavlink_msg_home_position.h:205:227: warning: taking address of packed member of 'struct __mavlink_home_position_t' may result in an unaligned pointer value [-Waddress-of-packed-member]
  205 |     return mavlink_msg_home_position_pack_chan(system_id, component_id, chan, msg, home_position->latitude, home_position->longitude, home_position->altitude, home_position->x, home_position->y, home_position->z, home_position->q, home_position->approach_x, home_position->approach_y, home_position->approach_z, home_position->time_usec);
      |                                                                                                                                                                                                                      ~~~~~~~~~~~~~^~~
In file included from ../Core/Src/../mavlink/common/common.h:2525,
                 from ../Core/Src/../mavlink/common/mavlink.h:32,
                 from ../Core/Src/main.c:30:
../Core/Src/../mavlink/common/./mavlink_msg_set_home_position.h: In function 'mavlink_msg_set_home_position_encode':
../Core/Src/../mavlink/common/./mavlink_msg_set_home_position.h:200:282: warning: taking address of packed member of 'struct __mavlink_set_home_position_t' may result in an unaligned pointer value [-Waddress-of-packed-member]
  200 |     return mavlink_msg_set_home_position_pack(system_id, component_id, msg, set_home_position->target_system, set_home_position->latitude, set_home_position->longitude, set_home_position->altitude, set_home_position->x, set_home_position->y, set_home_position->z, set_home_position->q, set_home_position->approach_x, set_home_position->approach_y, set_home_position->approach_z, set_home_position->time_usec);
      |                                                                                                                                                                                                                                                                         ~~~~~~~~~~~~~~~~~^~~
../Core/Src/../mavlink/common/./mavlink_msg_set_home_position.h: In function 'mavlink_msg_set_home_position_encode_chan':
../Core/Src/../mavlink/common/./mavlink_msg_set_home_position.h:214:293: warning: taking address of packed member of 'struct __mavlink_set_home_position_t' may result in an unaligned pointer value [-Waddress-of-packed-member]
  214 |     return mavlink_msg_set_home_position_pack_chan(system_id, component_id, chan, msg, set_home_position->target_system, set_home_position->latitude, set_home_position->longitude, set_home_position->altitude, set_home_position->x, set_home_position->y, set_home_position->z, set_home_position->q, set_home_position->approach_x, set_home_position->approach_y, set_home_position->approach_z, set_home_position->time_usec);
      |                                                                                                                                                                                                                                                                                    ~~~~~~~~~~~~~~~~~^~~
In file included from ../Core/Src/../mavlink/common/common.h:2580,
                 from ../Core/Src/../mavlink/common/mavlink.h:32,
                 from ../Core/Src/main.c:30:
../Core/Src/../mavlink/common/./mavlink_msg_obstacle_distance.h: In function 'mavlink_msg_obstacle_distance_encode':
../Core/Src/../mavlink/common/./mavlink_msg_obstacle_distance.h:173:156: warning: taking address of packed member of 'struct __mavlink_obstacle_distance_t' may result in an unaligned pointer value [-Waddress-of-packed-member]
  173 |     return mavlink_msg_obstacle_distance_pack(system_id, component_id, msg, obstacle_distance->time_usec, obstacle_distance->sensor_type, obstacle_distance->distances, obstacle_distance->increment, obstacle_distance->min_distance, obstacle_distance->max_distance, obstacle_distance->increment_f, obstacle_distance->angle_offset, obstacle_distance->frame);
      |                                                                                                                                           ~~~~~~~~~~~~~~~~~^~~~~~~~~~~
../Core/Src/../mavlink/common/./mavlink_msg_obstacle_distance.h: In function 'mavlink_msg_obstacle_distance_encode_chan':
../Core/Src/../mavlink/common/./mavlink_msg_obstacle_distance.h:187:167: warning: taking address of packed member of 'struct __mavlink_obstacle_distance_t' may result in an unaligned pointer value [-Waddress-of-packed-member]
  187 |     return mavlink_msg_obstacle_distance_pack_chan(system_id, component_id, chan, msg, obstacle_distance->time_usec, obstacle_distance->sensor_type, obstacle_distance->distances, obstacle_distance->increment, obstacle_distance->min_distance, obstacle_distance->max_distance, obstacle_distance->increment_f, obstacle_distance->angle_offset, obstacle_distance->frame);
      |                                                                                                                                                      ~~~~~~~~~~~~~~~~~^~~~~~~~~~~
../Core/Src/main.c: In function 'HAL_UART_RxCpltCallback':
../Core/Src/main.c:187:1: error: expected declaration or statement at end of input
  187 | }
      | ^
At top level:
../Core/Src/main.c:179:6: warning: 'Error_Handler' defined but not used [-Wunused-function]
  179 | void Error_Handler(void) {
      |      ^~~~~~~~~~~~~
make: *** [Core/Src/subdir.mk:53: Core/Src/main.o] Error 1
"make -j8 all" terminated with exit code 2. Build might be incomplete.

21:40:44 Build Failed. 2 errors, 15 warnings. (took 317ms)

